\BOOKMARK [0][]{chapter*.1}{Contents}{}% 1
\BOOKMARK [0][]{chapter*.2}{List of Figures}{}% 2
\BOOKMARK [0][]{chapter*.3}{Nomenclature}{}% 3
\BOOKMARK [0][]{chapter.1}{1 Robot Localization Algorithm}{}% 4
\BOOKMARK [0][]{chapter.2}{2 Geometrical Algorithms}{}% 5
\BOOKMARK [1][]{section.2.1}{2.1 Computing Visibility Polygons}{chapter.2}% 6
\BOOKMARK [2][]{subsection.2.1.1}{2.1.1 Visibility Polygon of a Point Inside a Polygon}{section.2.1}% 7
\BOOKMARK [2][]{subsection.2.1.2}{2.1.2 Visibility Polygon of an edge of the polygon}{section.2.1}% 8
\BOOKMARK [2][]{subsection.2.1.3}{2.1.3 Shortest Path Calculation}{section.2.1}% 9
\BOOKMARK [0][]{chapter.3}{3 Hypothesis Generation}{}% 10
\BOOKMARK [1][]{section.3.1}{3.1 Hypothesis Generation}{chapter.3}% 11
\BOOKMARK [1][]{section.3.2}{3.2 Algorithm}{chapter.3}% 12
\BOOKMARK [1][]{section.3.3}{3.3 Examples}{chapter.3}% 13
\BOOKMARK [0][]{chapter.4}{4 Majority Rule Map}{}% 14
\BOOKMARK [1][]{section.4.1}{4.1 Computing the Majority Rule Map Pmaj}{chapter.4}% 15
\BOOKMARK [2][]{subsection.4.1.1}{4.1.1 Construction}{section.4.1}% 16
\BOOKMARK [2][]{subsection.4.1.2}{4.1.2 Majority Rule Map Type}{section.4.1}% 17
\BOOKMARK [2][]{subsection.4.1.3}{4.1.3 CGAL's Arrangement class to generate Overlay}{section.4.1}% 18
\BOOKMARK [2][]{subsection.4.1.4}{4.1.4 Algorithm}{section.4.1}% 19
\BOOKMARK [2][]{subsection.4.1.5}{4.1.5 Examples}{section.4.1}% 20
\BOOKMARK [1][]{section.4.2}{4.2 Connected Component containing Origin in Pmaj}{chapter.4}% 21
\BOOKMARK [2][]{subsection.4.2.1}{4.2.1 Algorithm}{section.4.2}% 22
\BOOKMARK [2][]{subsection.4.2.2}{4.2.2 Examples}{section.4.2}% 23
\BOOKMARK [0][]{chapter.5}{5 Computing the Group Boundaries}{}% 24
\BOOKMARK [1][]{section.5.1}{5.1 Gij}{chapter.5}% 25
\BOOKMARK [1][]{section.5.2}{5.2 Ki}{chapter.5}% 26
\BOOKMARK [1][]{section.5.3}{5.3 Examples}{chapter.5}% 27
\BOOKMARK [0][]{chapter.6}{6 Computing Reference Points \(QH\)}{}% 28
\BOOKMARK [1][]{section.6.1}{6.1 Introduction to Reference Points}{chapter.6}% 29
\BOOKMARK [1][]{section.6.2}{6.2 Algorithm}{chapter.6}% 30
\BOOKMARK [1][]{section.6.3}{6.3 Examples}{chapter.6}% 31
\BOOKMARK [0][]{appendix*.4}{Appendix1}{}% 32
\BOOKMARK [1][]{section.Alph0.1}{.1 Input Format of the Map}{appendix*.4}% 33
\BOOKMARK [0][]{appendix*.5}{Appendix 3}{}% 34
\BOOKMARK [1][]{section.Alph0.2}{.2 OpenGL}{appendix*.5}% 35
\BOOKMARK [0][]{appendix*.6}{References}{}% 36
